<?xml version="1.0" encoding="UTF-8" ?>
<testsuite errors="1" failures="0" hostname="vmi402285" name="edu.orsys.jee.tests.AllTests" skipped="0" tests="41" time="1.625" timestamp="2020-11-18T10:06:59">
  <properties>
[...]
</properties>
  <testcase classname="edu.orsys.jee.tests.ConnecteurTest" name="testMockDBConnection" time="0.061">
    <error message="&#xa;Failed to release mocks&#xa;&#xa;This should not happen unless you are using a third-part mock maker" type="org.mockito.exceptions.base.MockitoException">org.mockito.exceptions.base.MockitoException: 
Failed to release mocks

This should not happen unless you are using a third-part mock maker
	at edu.orsys.jee.tests.ConnecteurTest.setUp(Unknown Source)
	at java.base/jdk.internal.reflect.NativeMethodAccessorImpl.invoke0(Native Method)
	at java.base/jdk.internal.reflect.NativeMethodAccessorImpl.invoke(NativeMethodAccessorImpl.java:62)
	at java.base/jdk.internal.reflect.DelegatingMethodAccessorImpl.invoke(DelegatingMethodAccessorImpl.java:43)
	at java.base/jdk.internal.reflect.NativeMethodAccessorImpl.invoke0(Native Method)
	at java.base/jdk.internal.reflect.NativeMethodAccessorImpl.invoke(NativeMethodAccessorImpl.java:62)
	at java.base/jdk.internal.reflect.DelegatingMethodAccessorImpl.invoke(DelegatingMethodAccessorImpl.java:43)
Caused by: java.lang.IllegalStateException: Could not initialize plugin: interface org.mockito.plugins.MockMaker (alternate: null)
	at org.mockito.internal.configuration.plugins.PluginLoader$1.invoke(PluginLoader.java:84)
	at com.sun.proxy.$Proxy12.isTypeMockable(Unknown Source)
	at org.mockito.internal.util.MockUtil.typeMockabilityOf(MockUtil.java:33)
	at org.mockito.internal.util.MockCreationValidator.validateType(MockCreationValidator.java:22)
	at org.mockito.internal.creation.MockSettingsImpl.validatedSettings(MockSettingsImpl.java:250)
	at org.mockito.internal.creation.MockSettingsImpl.build(MockSettingsImpl.java:232)
	at org.mockito.internal.MockitoCore.mock(MockitoCore.java:60)
	at org.mockito.Mockito.mock(Mockito.java:1949)
	at org.mockito.internal.configuration.MockAnnotationProcessor.processAnnotationForMock(MockAnnotationProcessor.java:66)
	at org.mockito.internal.configuration.MockAnnotationProcessor.process(MockAnnotationProcessor.java:27)
	at org.mockito.internal.configuration.MockAnnotationProcessor.process(MockAnnotationProcessor.java:24)
	at org.mockito.internal.configuration.IndependentAnnotationEngine.createMockFor(IndependentAnnotationEngine.java:46)
	at org.mockito.internal.configuration.IndependentAnnotationEngine.process(IndependentAnnotationEngine.java:73)
	at org.mockito.internal.configuration.InjectingAnnotationEngine.processIndependentAnnotations(InjectingAnnotationEngine.java:73)
	at org.mockito.internal.configuration.InjectingAnnotationEngine.process(InjectingAnnotationEngine.java:47)
	at org.mockito.MockitoAnnotations.openMocks(MockitoAnnotations.java:82)
	at org.mockito.MockitoAnnotations.initMocks(MockitoAnnotations.java:100)
Caused by: java.lang.IllegalStateException: Internal problem occurred, please report it. Mockito is unable to load the default implementation of class that is a part of Mockito distribution. Failed to load interface org.mockito.plugins.MockMaker
	at org.mockito.internal.configuration.plugins.DefaultMockitoPlugins.create(DefaultMockitoPlugins.java:84)
	at org.mockito.internal.configuration.plugins.DefaultMockitoPlugins.getDefaultPlugin(DefaultMockitoPlugins.java:57)
	at org.mockito.internal.configuration.plugins.PluginLoader.loadPlugin(PluginLoader.java:75)
	at org.mockito.internal.configuration.plugins.PluginLoader.loadPlugin(PluginLoader.java:50)
	at org.mockito.internal.configuration.plugins.PluginRegistry.&lt;init&gt;(PluginRegistry.java:19)
	at org.mockito.internal.configuration.plugins.Plugins.&lt;clinit&gt;(Plugins.java:16)
	at org.mockito.internal.configuration.GlobalConfiguration.tryGetPluginAnnotationEngine(GlobalConfiguration.java:57)
	at org.mockito.MockitoAnnotations.openMocks(MockitoAnnotations.java:81)
Caused by: java.lang.reflect.InvocationTargetException
	at java.base/jdk.internal.reflect.NativeConstructorAccessorImpl.newInstance0(Native Method)
	at java.base/jdk.internal.reflect.NativeConstructorAccessorImpl.newInstance(NativeConstructorAccessorImpl.java:62)
	at java.base/jdk.internal.reflect.DelegatingConstructorAccessorImpl.newInstance(DelegatingConstructorAccessorImpl.java:45)
	at java.base/java.lang.reflect.Constructor.newInstanceWithCaller(Constructor.java:500)
	at java.base/java.lang.reflect.Constructor.newInstance(Constructor.java:481)
	at org.mockito.internal.configuration.plugins.DefaultMockitoPlugins.create(DefaultMockitoPlugins.java:82)
Caused by: java.lang.NoClassDefFoundError: net/bytebuddy/dynamic/loading/ClassInjector$UsingReflection
	at org.mockito.internal.creation.bytebuddy.SubclassInjectionLoader.&lt;init&gt;(SubclassInjectionLoader.java:31)
	at org.mockito.internal.creation.bytebuddy.SubclassByteBuddyMockMaker.&lt;init&gt;(SubclassByteBuddyMockMaker.java:33)
	at org.mockito.internal.creation.bytebuddy.ByteBuddyMockMaker.&lt;init&gt;(ByteBuddyMockMaker.java:25)
Caused by: java.lang.ClassNotFoundException: net.bytebuddy.dynamic.loading.ClassInjector$UsingReflection
	at java.base/java.net.URLClassLoader.findClass(URLClassLoader.java:436)
	at java.base/java.lang.ClassLoader.loadClass(ClassLoader.java:588)
	at java.base/java.lang.ClassLoader.loadClass(ClassLoader.java:521)
</error>
  </testcase>
  <testcase classname="edu.orsys.jee.tests.EntityTest" name="toStringMethods" time="0.062" />
  <testcase classname="edu.orsys.jee.tests.ModelTest" name="ModifierEntiteCorrespondreDansDatabase" time="0.518" />
  <testcase classname="edu.orsys.jee.tests.ModelTest" name="ModifierEntitePerimetreDansDatabase" time="0.049" />
  <testcase classname="edu.orsys.jee.tests.ModelTest" name="CreerUneEntiteVersion" time="0.0" />
  <testcase classname="edu.orsys.jee.tests.ModelTest" name="CreerUneEntiteVulnerabilite" time="0.0" />
  <testcase classname="edu.orsys.jee.tests.ModelTest" name="ChercherCorrespondre" time="0.031" />
  <testcase classname="edu.orsys.jee.tests.ModelTest" name="CreerUneEntiteLogiciel" time="0.0" />
  <testcase classname="edu.orsys.jee.tests.ModelTest" name="SupprimerEntiteVulnerabiliteDansDatabase" time="0.031" />
  <testcase classname="edu.orsys.jee.tests.ModelTest" name="SupprimerEntiteCorrespondreDansDatabase" time="0.031" />
  <testcase classname="edu.orsys.jee.tests.ModelTest" name="SupprimerEntiteVersionDansDatabase" time="0.047" />
  <testcase classname="edu.orsys.jee.tests.ModelTest" name="CreerUneEntiteUser" time="0.0" />
  <testcase classname="edu.orsys.jee.tests.ModelTest" name="SupprimerEntiteUserDansDatabaseByLogin" time="0.031" />
  <testcase classname="edu.orsys.jee.tests.ModelTest" name="AjouterEntiteCorrespondreDansDatabase" time="0.032" />
  <testcase classname="edu.orsys.jee.tests.ModelTest" name="ChercherUserParLogin" time="0.015" />
  <testcase classname="edu.orsys.jee.tests.ModelTest" name="ChercherVulnerabilite" time="0.031" />
  <testcase classname="edu.orsys.jee.tests.ModelTest" name="ChercherVersion" time="0.035" />
  <testcase classname="edu.orsys.jee.tests.ModelTest" name="CreerUneEntiteCorrespondre" time="0.0" />
  <testcase classname="edu.orsys.jee.tests.ModelTest" name="SupprimerEntiteLogicielDansDatabase" time="0.028" />
  <testcase classname="edu.orsys.jee.tests.ModelTest" name="CreerUneEntiteSetting" time="0.0" />
  <testcase classname="edu.orsys.jee.tests.ModelTest" name="AjouterEntitePerimetreDansDatabase" time="0.031" />
  <testcase classname="edu.orsys.jee.tests.ModelTest" name="ModifierEntiteUserDansDatabase" time="0.031" />
  <testcase classname="edu.orsys.jee.tests.ModelTest" name="AjouterEntiteSettingDansDatabase" time="0.032" />
  <testcase classname="edu.orsys.jee.tests.ModelTest" name="CreerUneEntitePerimetre" time="0.0" />
  <testcase classname="edu.orsys.jee.tests.ModelTest" name="ChercherUserParLoginEtPassword" time="0.015" />
  <testcase classname="edu.orsys.jee.tests.ModelTest" name="ModifierEntiteSettingDansDatabase" time="0.047" />
  <testcase classname="edu.orsys.jee.tests.ModelTest" name="AjouterEntiteUserDansDatabase" time="0.031" />
  <testcase classname="edu.orsys.jee.tests.ModelTest" name="ChercherUserParId" time="0.016" />
  <testcase classname="edu.orsys.jee.tests.ModelTest" name="AjouterEntiteLogicielDansDatabase" time="0.062" />
  <testcase classname="edu.orsys.jee.tests.ModelTest" name="ChercherLogiciel" time="0.016" />
  <testcase classname="edu.orsys.jee.tests.ModelTest" name="ChercherSetting" time="0.016" />
  <testcase classname="edu.orsys.jee.tests.ModelTest" name="ChercherPerimetre" time="0.015" />
  <testcase classname="edu.orsys.jee.tests.ModelTest" name="AllGettersAndSetterOnEntityLists" time="0.0" />
  <testcase classname="edu.orsys.jee.tests.ModelTest" name="SupprimerEntiteUserDansDatabaseById" time="0.036" />
  <testcase classname="edu.orsys.jee.tests.ModelTest" name="AjouterEntiteVulnerabiliteDansDatabase" time="0.027" />
  <testcase classname="edu.orsys.jee.tests.ModelTest" name="AjouterEntiteVersionDansDatabase" time="0.015" />
  <testcase classname="edu.orsys.jee.tests.ModelTest" name="SupprimerEntiteSettingDansDatabase" time="0.032" />
  <testcase classname="edu.orsys.jee.tests.ModelTest" name="ModifierEntiteVersionDansDatabase" time="0.047" />
  <testcase classname="edu.orsys.jee.tests.ModelTest" name="ConnectionGetterAndSetter" time="0.0" />
  <testcase classname="edu.orsys.jee.tests.ModelTest" name="SupprimerEntitePerimetreDansDatabase" time="0.015" />
  <testcase classname="edu.orsys.jee.tests.ModelTest" name="ModifierEntiteVulnerabiliteDansDatabase" time="0.063" />
  <system-out><![CDATA[!connection établie !!!
!connection établie !!!
!connection établie !!!
!connection établie !!!
!connection établie !!!
!connection établie !!!
!connection établie !!!
!connection établie !!!
!connection établie !!!
!connection établie !!!
!connection établie !!!
!connection établie !!!
!connection établie !!!
!connection établie !!!
!connection établie !!!
!connection établie !!!
!connection établie !!!
!connection établie !!!
!connection établie !!!
!connection établie !!!
!connection établie !!!
!connection établie !!!
!connection établie !!!
!connection établie !!!
!connection établie !!!
!connection établie !!!
!connection établie !!!
!connection établie !!!
!connection établie !!!
!connection établie !!!
!connection établie !!!
!connection établie !!!
!connection établie !!!
!connection établie !!!
!connection établie !!!
!connection établie !!!
!connection établie !!!
!connection établie !!!
!connection établie !!!
!connection établie !!!
!connection établie !!!
!connection établie !!!
!connection établie !!!
!connection établie !!!
!connection établie !!!
!connection établie !!!
!connection établie !!!
!connection établie !!!
!connection établie !!!
!connection établie !!!
!connection établie !!!
!connection établie !!!
!connection établie !!!
!connection établie !!!
!connection établie !!!
!connection établie !!!
!connection établie !!!
!connection établie !!!
!connection établie !!!
!connection établie !!!
!connection établie !!!
!connection établie !!!
!connection établie !!!
!connection établie !!!
!connection établie !!!
!connection établie !!!
!connection établie !!!
!connection établie !!!
!connection établie !!!
!connection établie !!!
!connection établie !!!
!connection établie !!!
!connection établie !!!
!connection établie !!!
!connection établie !!!
!connection établie !!!
!connection établie !!!
!connection établie !!!
!connection établie !!!
!connection établie !!!
!connection établie !!!
!connection établie !!!
!connection établie !!!
!connection établie !!!
!connection établie !!!
!connection établie !!!
!connection établie !!!
!connection établie !!!
!connection établie !!!
!connection établie !!!
!connection établie !!!
!connection établie !!!
!connection établie !!!
!connection établie !!!
!connection établie !!!
!connection établie !!!
!connection établie !!!
!connection établie !!!
]]></system-out>
  <system-err><![CDATA[]]></system-err>
</testsuite>
